2018-03-30 09:58:27,010 | SpamMon | INFO | xavier - ... script started
2018-03-30 09:58:28,004 | SpamMon | INFO | joelle - ... script started
2018-03-30 09:58:30,794 | SpamMon | INFO | joelle - server connection established
2018-03-30 09:58:30,842 | SpamMon | INFO | xavier - server connection established
2018-03-30 09:58:30,923 | SpamMon | INFO | joelle - login successful - b'Logged in'
2018-03-30 09:58:30,975 | SpamMon | INFO | xavier - login successful - b'Logged in'
2018-03-30 09:58:31,390 | SpamMon | INFO | joelle - script stopped...
2018-03-30 09:58:34,178 | SpamMon | INFO | xavier - newsletter@achatdesoffres.be is a spam
2018-03-30 09:58:34,338 | SpamMon | INFO | xavier - newsletter@achatdesoffres.be is a spam
2018-03-30 09:58:34,543 | SpamMon | INFO | xavier - newsletter@les-annonces-du-jour2.be is a spam
2018-03-30 09:58:34,909 | SpamMon | INFO | xavier - newsletter@slp.conseildesoffres.be is a spam
2018-03-30 09:58:35,274 | SpamMon | INFO | xavier - Offers@Tradepubs.nl00.net is a spam
2018-03-30 09:58:35,784 | SpamMon | INFO | xavier - us@sumofus.org is a spam
2018-03-30 09:58:42,803 | SpamMon | INFO | xavier - script stopped...
2018-03-30 10:00:24,058 | SpamMon | ERROR | Connected to Spam DB
2018-03-30 10:00:24,511 | SpamMon | ERROR | Connected to Spam DB
2018-03-30 10:00:24,514 | SpamMon | INFO | xavier - ... script started
2018-03-30 10:00:24,534 | SpamMon | ERROR | Connected to Spam DB
2018-03-30 10:00:24,536 | SpamMon | INFO | joelle - ... script started
2018-03-30 10:00:25,007 | SpamMon | INFO | xavier - server connection established
2018-03-30 10:00:25,009 | SpamMon | INFO | joelle - server connection established
2018-03-30 10:00:25,138 | SpamMon | INFO | joelle - login successful - b'Logged in'
2018-03-30 10:00:25,601 | SpamMon | INFO | joelle - script stopped...
2018-03-30 10:00:28,338 | SpamMon | INFO | xavier - newsletter@achatdesoffres.be is a spam
2018-03-30 10:00:28,542 | SpamMon | INFO | xavier - newsletter@achatdesoffres.be is a spam
2018-03-30 10:00:28,705 | SpamMon | INFO | xavier - newsletter@les-annonces-du-jour2.be is a spam
2018-03-30 10:00:29,067 | SpamMon | INFO | xavier - newsletter@slp.conseildesoffres.be is a spam
2018-03-30 10:00:29,425 | SpamMon | INFO | xavier - Offers@Tradepubs.nl00.net is a spam
2018-03-30 10:00:29,872 | SpamMon | INFO | xavier - us@sumofus.org is a spam
2018-03-30 10:00:38,486 | SpamMon | INFO | xavier - script stopped...
2018-03-30 10:01:16,377 | SpamMon | INFO | Connected to Spam DB
2018-03-30 10:01:16,851 | SpamMon | INFO | Connected to Spam DB
2018-03-30 10:01:16,854 | SpamMon | INFO | joelle - ... script started
2018-03-30 10:01:16,890 | SpamMon | INFO | Connected to Spam DB
2018-03-30 10:01:16,893 | SpamMon | INFO | xavier - ... script started
2018-03-30 10:01:17,367 | SpamMon | INFO | joelle - server connection established
2018-03-30 10:01:17,408 | SpamMon | INFO | xavier - server connection established
2018-03-30 10:01:17,499 | SpamMon | INFO | joelle - login successful - b'Logged in'
2018-03-30 10:01:17,535 | SpamMon | INFO | xavier - login successful - b'Logged in'
2018-03-30 10:01:17,970 | SpamMon | INFO | joelle - script stopped...
2018-03-30 10:01:20,427 | SpamMon | INFO | xavier - newsletter@achatdesoffres.be is a spam
2018-03-30 10:01:20,623 | SpamMon | INFO | xavier - newsletter@achatdesoffres.be is a spam
2018-03-30 10:01:20,782 | SpamMon | INFO | xavier - newsletter@les-annonces-du-jour2.be is a spam
2018-03-30 10:01:21,149 | SpamMon | INFO | xavier - newsletter@slp.conseildesoffres.be is a spam
2018-03-30 10:01:21,505 | SpamMon | INFO | xavier - Offers@Tradepubs.nl00.net is a spam
2018-03-30 10:01:21,988 | SpamMon | INFO | xavier - us@sumofus.org is a spam
2018-03-30 10:01:31,572 | SpamMon | INFO | xavier - script stopped...
2018-03-30 10:21:34,748 | SpamMon | INFO | Connected to Spam DB
2018-03-30 10:21:35,238 | SpamMon | INFO | Connected to Spam DB
2018-03-30 10:21:35,238 | SpamMon | INFO | xavier - ... script started
2018-03-30 10:21:35,269 | SpamMon | INFO | Connected to Spam DB
2018-03-30 10:21:35,269 | SpamMon | INFO | joelle - ... script started
2018-03-30 10:21:35,736 | SpamMon | INFO | xavier - server connection established
2018-03-30 10:21:35,799 | SpamMon | INFO | joelle - server connection established
2018-03-30 10:21:35,861 | SpamMon | INFO | xavier - login successful - b'Logged in'
2018-03-30 10:21:35,937 | SpamMon | INFO | joelle - login successful - b'Logged in'
2018-03-30 10:21:36,419 | SpamMon | INFO | joelle - script stopped...
2018-03-30 10:21:39,061 | SpamMon | INFO | xavier - newsletter@achatdesoffres.be is a spam
2018-03-30 10:21:39,266 | SpamMon | INFO | xavier - newsletter@achatdesoffres.be is a spam
2018-03-30 10:21:39,422 | SpamMon | INFO | xavier - newsletter@les-annonces-du-jour2.be is a spam
2018-03-30 10:21:39,753 | SpamMon | INFO | xavier - newsletter@slp.conseildesoffres.be is a spam
2018-03-30 10:21:40,457 | SpamMon | INFO | xavier - us@sumofus.org is a spam
2018-03-30 10:21:40,942 | SpamMon | INFO | xavier - support@domadoo.com is a spam
2018-03-30 10:21:52,484 | SpamMon | INFO | xavier - script stopped...
2018-03-30 15:27:12,085 | SpamMon | INFO | Connected to Spam DB
2018-03-30 15:27:12,582 | SpamMon | INFO | Connected to Spam DB
2018-03-30 15:27:12,585 | SpamMon | INFO | joelle - ... script started
2018-03-30 15:27:12,616 | SpamMon | INFO | Connected to Spam DB
2018-03-30 15:27:12,620 | SpamMon | INFO | xavier - ... script started
2018-03-30 15:27:13,152 | SpamMon | INFO | joelle - server connection established
2018-03-30 15:27:13,157 | SpamMon | INFO | xavier - server connection established
2018-03-30 15:27:13,284 | SpamMon | INFO | xavier - login successful - b'Logged in'
2018-03-30 15:27:13,294 | SpamMon | INFO | joelle - login successful - b'Logged in'
2018-03-30 15:27:14,571 | SpamMon | INFO | New spam address added adminebcej@0-8-0.net
2018-03-30 15:27:14,768 | SpamMon | INFO | joelle - script stopped...
2018-03-30 15:27:17,048 | SpamMon | INFO | xavier - newsletter@achatdesoffres.be is a spam
2018-03-30 15:27:17,287 | SpamMon | INFO | xavier - newsletter@achatdesoffres.be is a spam
2018-03-30 15:27:17,452 | SpamMon | INFO | xavier - newsletter@les-annonces-du-jour2.be is a spam
2018-03-30 15:27:17,887 | SpamMon | INFO | xavier - newsletter@slp.conseildesoffres.be is a spam
2018-03-30 15:27:18,525 | SpamMon | INFO | xavier - us@sumofus.org is a spam
2018-03-30 15:27:19,087 | SpamMon | INFO | xavier - support@domadoo.com is a spam
2018-03-30 15:27:32,888 | SpamMon | INFO | Connected to Spam DB
2018-03-30 15:29:04,909 | SpamMon | INFO | Connected to Spam DB
2018-03-30 15:29:10,230 | SpamMon | INFO | xavier - ... script started
2018-03-30 15:29:10,891 | SpamMon | INFO | xavier - server connection established
2018-03-30 15:29:11,026 | SpamMon | INFO | xavier - login successful - b'Logged in'
2018-03-30 15:29:14,320 | SpamMon | INFO | xavier - newsletter@achatdesoffres.be is a spam
2018-03-30 15:29:14,529 | SpamMon | INFO | xavier - newsletter@achatdesoffres.be is a spam
2018-03-30 15:29:14,703 | SpamMon | INFO | xavier - newsletter@les-annonces-du-jour2.be is a spam
2018-03-30 15:29:15,030 | SpamMon | INFO | xavier - newsletter@slp.conseildesoffres.be is a spam
2018-03-30 15:29:15,658 | SpamMon | INFO | xavier - us@sumofus.org is a spam
2018-03-30 15:29:16,125 | SpamMon | INFO | xavier - support@domadoo.com is a spam
2018-03-30 15:29:32,702 | SpamMon | INFO | xavier - script stopped...
2018-03-30 15:29:32,704 | SpamMon | INFO | joelle - ... script started
2018-03-30 15:29:32,704 | SpamMon | INFO | joelle - script stopped...
2018-04-02 22:13:47,646 | SpamMon | INFO | Connected to Spam DB
2018-04-02 22:13:47,654 | SpamMon | INFO | xavier - ... script started
2018-04-02 22:13:48,304 | SpamMon | INFO | xavier - server connection established
2018-04-02 22:13:48,446 | SpamMon | INFO | xavier - login successful - b'Logged in'
2018-04-02 22:13:48,970 | SpamMon | INFO | xavier - newsletter@achatdesoffres.be is a spam
2018-04-02 22:13:49,163 | SpamMon | INFO | xavier - newsletter@achatdesoffres.be is a spam
2018-04-02 22:13:49,389 | SpamMon | INFO | xavier - newsletter@les-annonces-du-jour2.be is a spam
2018-04-02 22:13:49,566 | SpamMon | INFO | xavier - newsletter@slp.conseildesoffres.be is a spam
2018-04-02 22:13:49,889 | SpamMon | INFO | xavier - newsletter@slp.conseildesoffres.be is a spam
2018-04-02 22:13:50,212 | SpamMon | INFO | xavier - Offers@Tradepubs.nl00.net is a spam
2018-04-02 22:13:50,755 | SpamMon | INFO | xavier - info@news.lesconseilsdujour.be is a spam
2018-04-02 22:13:51,491 | SpamMon | INFO | xavier - ProfactsTeam@profacts.eu is a spam
2018-04-02 22:13:51,945 | SpamMon | INFO | xavier - newsletter@les-annonces-du-jour2.be is a spam
2018-04-02 22:13:52,312 | SpamMon | INFO | xavier - newsletter@slp.conseildesoffres.be is a spam
2018-04-02 22:13:52,489 | SpamMon | INFO | xavier - newsletter@achatdesoffres.be is a spam
2018-04-02 22:13:52,664 | SpamMon | INFO | xavier - newsletter@slp.conseildesoffres.be is a spam
2018-04-02 22:13:53,559 | SpamMon | INFO | xavier - petervancoppenolle@telenet.be is a spam
2018-04-02 22:13:53,743 | SpamMon | INFO | xavier - info@news.lesconseilsdujour.be is a spam
2018-04-02 22:13:53,928 | SpamMon | INFO | xavier - pinbot@explore.pinterest.com is a spam
2018-04-02 22:13:55,394 | SpamMon | INFO | xavier - ProfactsTeam@profacts.eu is a spam
2018-04-02 22:31:11,058 | SpamMon | INFO | Connected to Spam DB
2018-04-02 22:31:15,579 | SpamMon | INFO | xavier - ... script started
2018-04-02 22:31:16,278 | SpamMon | INFO | xavier - server connection established
2018-04-02 22:31:16,426 | SpamMon | INFO | xavier - login successful - b'Logged in'
2018-04-02 22:33:28,469 | SpamMon | INFO | xavier - newsletter@achatdesoffres.be is a spam
2018-04-02 22:34:23,026 | SpamMon | INFO | Connected to Spam DB
2018-04-02 22:34:23,036 | SpamMon | INFO | xavier - ... script started
2018-04-02 22:34:23,730 | SpamMon | INFO | xavier - server connection established
2018-04-02 22:34:23,867 | SpamMon | INFO | xavier - login successful - b'Logged in'
2018-04-02 22:34:54,797 | SpamMon | INFO | Connected to Spam DB
2018-04-02 22:34:54,807 | SpamMon | INFO | xavier - ... script started
2018-04-02 22:34:55,407 | SpamMon | INFO | xavier - server connection established
2018-04-02 22:34:55,534 | SpamMon | INFO | xavier - login successful - b'Logged in'
2018-04-02 22:37:58,155 | SpamMon | INFO | Connected to Spam DB
2018-04-02 22:37:58,165 | SpamMon | INFO | xavier - ... script started
2018-04-02 22:37:58,847 | SpamMon | INFO | xavier - server connection established
2018-04-02 22:37:58,982 | SpamMon | INFO | xavier - login successful - b'Logged in'
2018-04-02 22:38:47,283 | SpamMon | INFO | xavier - script stopped...
2018-04-02 22:38:50,532 | SpamMon | INFO | joelle - ... script started
2018-04-02 22:38:50,533 | SpamMon | INFO | joelle - script stopped...
2018-04-02 22:39:05,764 | SpamMon | INFO | Connected to Spam DB
2018-04-02 22:39:05,764 | SpamMon | INFO | xavier - ... script started
2018-04-02 22:39:06,283 | SpamMon | INFO | xavier - server connection established
2018-04-02 22:39:06,416 | SpamMon | INFO | xavier - login successful - b'Logged in'
2018-04-02 22:39:08,910 | SpamMon | INFO | xavier - script stopped...
2018-04-02 22:39:08,911 | SpamMon | INFO | joelle - ... script started
2018-04-02 22:39:08,911 | SpamMon | INFO | joelle - script stopped...
2018-04-03 16:22:37,674 | SpamMon | INFO | Connected to Spam DB
2018-04-03 16:22:37,695 | SpamMon | INFO | xavier - ... script started
2018-04-03 16:22:38,400 | SpamMon | INFO | xavier - server connection established
2018-04-03 16:22:38,541 | SpamMon | INFO | xavier - login successful - b'Logged in'
2018-04-03 16:22:43,860 | SpamMon | INFO | xavier - newsletter@les-annonces-du-jour2.be is a spam
2018-04-03 16:22:44,035 | SpamMon | INFO | xavier - newsletter@slp.conseildesoffres.be is a spam
2018-04-03 16:22:44,210 | SpamMon | INFO | xavier - newsletter@slp.conseildesoffres.be is a spam
2018-04-03 16:22:45,226 | SpamMon | INFO | xavier - team@datacamp.com is a spam
2018-04-03 16:22:45,400 | SpamMon | INFO | xavier - info@news.lesconseilsdujour.be is a spam
2018-04-03 16:23:31,999 | SpamMon | INFO | xavier - script stopped...
2018-04-03 16:23:37,276 | SpamMon | INFO | joelle - ... script started
2018-04-03 16:23:40,972 | SpamMon | INFO | joelle - script stopped...
2018-04-03 16:23:48,403 | SpamMon | INFO | Connected to Spam DB
2018-04-03 16:23:48,406 | SpamMon | INFO | xavier - ... script started
2018-04-03 16:23:48,874 | SpamMon | INFO | xavier - server connection established
2018-04-03 16:23:49,011 | SpamMon | INFO | xavier - login successful - b'Logged in'
2018-04-03 16:23:50,156 | SpamMon | INFO | xavier - newsletter@les-annonces-du-jour2.be is a spam
2018-04-03 16:23:50,375 | SpamMon | INFO | xavier - newsletter@slp.conseildesoffres.be is a spam
2018-04-03 16:23:50,572 | SpamMon | INFO | xavier - newsletter@slp.conseildesoffres.be is a spam
2018-04-03 16:30:36,114 | SpamMon | INFO | Connected to Spam DB
2018-04-03 16:30:36,120 | SpamMon | INFO | xavier - ... script started
2018-04-03 16:30:36,766 | SpamMon | INFO | xavier - server connection established
2018-04-03 16:30:36,900 | SpamMon | INFO | xavier - login successful - b'Logged in'
2018-04-03 16:32:22,964 | SpamMon | INFO | xavier - newsletter@les-annonces-du-jour2.be is a spam
2018-04-03 16:36:21,167 | SpamMon | INFO | xavier - newsletter@slp.conseildesoffres.be is a spam
2018-04-03 16:36:25,242 | SpamMon | INFO | xavier - newsletter@slp.conseildesoffres.be is a spam
2018-04-03 16:36:40,866 | SpamMon | INFO | xavier - team@datacamp.com is a spam
2018-04-03 16:36:41,067 | SpamMon | INFO | xavier - info@news.lesconseilsdujour.be is a spam
2018-04-03 16:37:35,583 | SpamMon | INFO | Connected to Spam DB
2018-04-03 16:37:35,588 | SpamMon | INFO | xavier - ... script started
2018-04-03 16:37:36,160 | SpamMon | INFO | xavier - server connection established
2018-04-03 16:37:36,294 | SpamMon | INFO | xavier - login successful - b'Logged in'
2018-04-03 16:37:56,606 | SpamMon | INFO | xavier - newsletter@les-annonces-du-jour2.be is a spam
2018-04-03 16:38:09,876 | SpamMon | INFO | xavier - newsletter@slp.conseildesoffres.be is a spam
2018-04-03 16:45:47,787 | SpamMon | INFO | xavier - newsletter@slp.conseildesoffres.be is a spam
2018-04-03 16:45:57,621 | SpamMon | INFO | xavier - team@datacamp.com is a spam
2018-04-03 16:45:57,811 | SpamMon | INFO | xavier - info@news.lesconseilsdujour.be is a spam
2018-04-03 16:48:45,704 | SpamMon | INFO | Connected to Spam DB
2018-04-03 16:48:45,704 | SpamMon | INFO | xavier - ... script started
2018-04-03 16:48:46,205 | SpamMon | INFO | xavier - server connection established
2018-04-03 16:48:46,346 | SpamMon | INFO | xavier - login successful - b'Logged in'
2018-04-03 16:49:05,031 | SpamMon | INFO | xavier - script stopped...
2018-04-03 16:49:05,033 | SpamMon | INFO | joelle - ... script started
2018-04-03 16:49:05,033 | SpamMon | INFO | joelle - script stopped...
2018-04-03 16:59:36,378 | SpamMon | INFO | Connected to Spam DB
2018-04-03 16:59:36,379 | SpamMon | INFO | xavier - ... script started
2018-04-03 16:59:36,891 | SpamMon | INFO | xavier - server connection established
2018-04-03 16:59:37,034 | SpamMon | INFO | xavier - login successful - b'Logged in'
2018-04-03 16:59:39,441 | SpamMon | INFO | xavier - script stopped...
2018-04-03 16:59:39,442 | SpamMon | INFO | joelle - ... script started
2018-04-03 16:59:39,442 | SpamMon | INFO | joelle - script stopped...
2018-04-03 17:13:15,598 | SpamMon | INFO | Connected to Spam DB
2018-04-03 17:13:15,599 | SpamMon | INFO | xavier - ... script started
2018-04-03 17:13:16,114 | SpamMon | INFO | xavier - server connection established
2018-04-03 17:13:16,250 | SpamMon | INFO | xavier - login successful - b'Logged in'
2018-04-03 17:13:18,950 | SpamMon | INFO | xavier - script stopped...
2018-04-03 17:13:18,951 | SpamMon | INFO | joelle - ... script started
2018-04-03 17:13:19,258 | SpamMon | INFO | joelle - server connection established
2018-04-03 17:13:19,388 | SpamMon | INFO | joelle - login successful - b'Logged in'
2018-04-03 17:13:19,928 | SpamMon | INFO | joelle - contact@email.maje.com is a spam
2018-04-03 17:13:20,559 | SpamMon | INFO | New spam address added adminoatyw@0003.co.jp
2018-04-03 17:13:20,835 | SpamMon | INFO | New spam address added admindftda@0-0.co.jp
2018-04-03 17:13:20,995 | SpamMon | INFO | New spam address added adminhbokr@0-0domain.com
2018-04-03 17:13:21,177 | SpamMon | INFO | New spam address added adminvkre@007ticket.co.kr
2018-04-03 17:13:21,334 | SpamMon | INFO | New spam address added adminbeqbx@000-000-0000.com
2018-04-03 17:13:21,476 | SpamMon | INFO | New spam address added adminuubyi@001bike.co.uk
2018-04-03 17:13:21,632 | SpamMon | INFO | joelle - script stopped...
2018-04-03 17:13:26,667 | SpamMon | INFO | Connected to Spam DB
2018-04-03 17:13:26,670 | SpamMon | INFO | xavier - ... script started
2018-04-03 17:13:27,140 | SpamMon | INFO | xavier - server connection established
2018-04-03 17:13:27,264 | SpamMon | INFO | xavier - login successful - b'Logged in'
2018-04-03 17:13:29,776 | SpamMon | INFO | xavier - script stopped...
2018-04-03 17:13:29,777 | SpamMon | INFO | joelle - ... script started
2018-04-03 17:13:30,307 | SpamMon | INFO | joelle - server connection established
2018-04-03 17:13:30,436 | SpamMon | INFO | joelle - login successful - b'Logged in'
2018-04-03 17:13:31,358 | SpamMon | INFO | joelle - script stopped...
2018-11-14 11:15:55,091 | SpamMon | INFO | Connected to Spam DB
2018-11-14 11:15:55,102 | SpamMon | INFO | xavier - ... script started
2018-11-14 11:15:55,834 | SpamMon | INFO | xavier - server connection established
2018-11-14 11:15:55,966 | SpamMon | INFO | xavier - login successful - b'Logged in'
2018-11-14 11:16:06,428 | SpamMon | CRITICAL | Folder INBOX.NotSpam does not exist!
2018-11-14 11:16:23,325 | SpamMon | INFO | Connected to Spam DB
2018-11-14 11:16:23,325 | SpamMon | INFO | xavier - ... script started
2018-11-14 11:16:23,995 | SpamMon | INFO | xavier - server connection established
2018-11-14 11:16:24,127 | SpamMon | INFO | xavier - login successful - b'Logged in'
2018-11-14 11:16:43,079 | SpamMon | INFO | Connected to Spam DB
2018-11-14 11:16:43,079 | SpamMon | INFO | xavier - ... script started
2018-11-14 11:16:43,832 | SpamMon | INFO | xavier - server connection established
2018-11-14 11:16:43,979 | SpamMon | INFO | xavier - login successful - b'Logged in'
2018-11-14 11:17:50,952 | SpamMon | CRITICAL | Folder INBOX.NotSpam does not exist!
2018-11-14 11:20:14,561 | SpamMon | INFO | Connected to Spam DB
2018-11-14 11:20:14,569 | SpamMon | INFO | xavier - ... script started
2018-11-14 11:20:15,291 | SpamMon | INFO | xavier - server connection established
2018-11-14 11:20:15,423 | SpamMon | INFO | xavier - login successful - b'Logged in'
2018-11-14 11:21:32,399 | SpamMon | CRITICAL | Error fetching in INBOX.NotSpam
2018-11-14 11:29:07,519 | SpamMon | INFO | Connected to Spam DB
2018-11-14 11:29:07,519 | SpamMon | INFO | xavier - ... script started
2018-11-14 11:29:08,998 | SpamMon | INFO | xavier - server connection established
2018-11-14 11:29:09,129 | SpamMon | INFO | xavier - login successful - b'Logged in'
2018-11-14 11:29:12,034 | SpamMon | INFO | xavier - us@sumofus.org is a spam
2019-02-10 15:25:24,938 | SpamMon | INFO | Connected to Spam DB
2019-02-10 15:25:24,938 | SpamMon | INFO | xavier - ... script started
2019-02-10 15:25:25,660 | SpamMon | INFO | xavier - server connection established
2019-02-10 15:25:25,782 | SpamMon | INFO | xavier - login successful - b'Logged in'
2019-03-06 22:03:11,481 | SpamMon | INFO | Connected to Spam DB
2019-03-06 22:03:11,521 | SpamMon | INFO | xavier - ... script started
2019-03-06 22:03:12,364 | SpamMon | INFO | xavier - server connection established
2019-03-06 22:03:14,670 | SpamMon | CRITICAL | xavier - failed to login to IMAP server - imapclient.exceptions.LoginError: b'[AUTHENTICATIONFAILED] Authentication failed.'; 
2019-03-06 22:03:14,670 | SpamMon | INFO | xavier - script stopped...
2019-03-06 22:03:14,670 | SpamMon | INFO | joelle - ... script started
2019-03-06 22:03:15,033 | SpamMon | INFO | joelle - server connection established
2019-03-06 22:03:15,202 | SpamMon | INFO | joelle - login successful - b'Logged in'
2019-03-06 22:03:17,877 | SpamMon | INFO | joelle - script stopped...
2019-03-17 21:24:55,730 | SpamMon | INFO | Connected to Spam DB
2019-03-17 21:24:55,743 | SpamMon | INFO | xavier - ... script started
2019-03-17 21:24:56,565 | SpamMon | INFO | xavier - server connection established
2019-03-17 21:24:56,695 | SpamMon | INFO | xavier - login successful - b'Logged in'
2019-03-17 21:25:41,859 | SpamMon | INFO | Error fetching in INBOX.NotSpam
2019-03-17 21:26:01,193 | SpamMon | INFO | Error fetching in INBOX.NotSpam
2019-03-17 21:26:25,890 | SpamMon | INFO | Error fetching in INBOX.NotSpam
2019-03-17 21:26:52,089 | SpamMon | INFO | Error fetching in INBOX.NotSpam
2019-03-17 21:27:11,634 | SpamMon | INFO | Error fetching in INBOX.NotSpam
2019-03-17 21:27:23,743 | SpamMon | INFO | Error fetching in INBOX.NotSpam
2019-03-17 21:27:52,321 | SpamMon | INFO | Error fetching in INBOX.NotSpam
2019-03-17 21:29:19,355 | SpamMon | INFO | Connected to Spam DB
2019-03-17 21:29:19,356 | SpamMon | INFO | xavier - ... script started
2019-03-17 21:29:20,053 | SpamMon | INFO | xavier - server connection established
2019-03-17 21:29:20,182 | SpamMon | INFO | xavier - login successful - b'Logged in'
2019-03-17 21:40:33,780 | SpamMon | INFO | Connected to Spam DB
2019-03-17 21:40:33,781 | SpamMon | INFO | xavier - ... script started
2019-03-17 21:40:34,432 | SpamMon | INFO | xavier - server connection established
2019-03-17 21:40:34,559 | SpamMon | INFO | xavier - login successful - b'Logged in'
2019-03-17 21:52:31,265 | SpamMon | INFO | Connected to Spam DB
2019-03-17 21:52:31,266 | SpamMon | INFO | xavier - ... script started
2019-03-17 21:52:31,931 | SpamMon | INFO | xavier - server connection established
2019-03-17 21:52:32,058 | SpamMon | INFO | xavier - login successful - b'Logged in'
2019-04-27 22:41:07,451 | SpamMon | INFO | Connected to Spam DB
2019-04-27 22:41:07,451 | SpamMon | INFO | xavier - ... script started
2019-04-27 22:41:09,725 | SpamMon | INFO | xavier - server connection established
2019-04-27 22:41:11,396 | SpamMon | CRITICAL | xavier - failed to login to IMAP server - imapclient.exceptions.LoginError: b'[UNAVAILABLE] Temporary authentication failure. [mailstorage11:2019-04-27 20:41:11]'; 
2019-04-27 22:41:11,396 | SpamMon | INFO | xavier - script stopped...
2019-04-27 22:41:11,396 | SpamMon | INFO | joelle - ... script started
2019-04-27 22:41:12,576 | SpamMon | INFO | joelle - server connection established
2019-04-27 22:41:12,752 | SpamMon | INFO | joelle - login successful - b'Logged in'
2019-04-27 22:41:14,717 | SpamMon | INFO | joelle - script stopped...
2019-04-27 22:44:10,550 | SpamMon | INFO | Connected to Spam DB
2019-04-27 22:44:10,551 | SpamMon | INFO | xavier - ... script started
2019-04-27 22:44:11,633 | SpamMon | INFO | xavier - server connection established
2019-04-27 22:44:11,831 | SpamMon | INFO | xavier - login successful - b'Logged in'
2019-04-27 22:44:21,879 | SpamMon | ERROR | Cannot add an item into the database
2019-04-27 22:44:21,879 | SpamMon | INFO | New spam address added newsletter@slp.conseildesoffres.be
2019-04-27 22:44:22,799 | SpamMon | ERROR | Cannot add an item into the database
2019-04-27 22:44:22,799 | SpamMon | INFO | New spam address added news@conseildesoffres.be
2019-04-27 22:44:23,169 | SpamMon | ERROR | Cannot add an item into the database
2019-04-27 22:44:23,169 | SpamMon | INFO | New spam address added newsletter@achatdesoffres.be
2019-04-27 22:44:23,555 | SpamMon | ERROR | Cannot add an item into the database
2019-04-27 22:44:23,555 | SpamMon | INFO | New spam address added user2@crunch.vn
2019-04-27 22:44:23,764 | SpamMon | ERROR | Cannot add an item into the database
2019-04-27 22:44:23,765 | SpamMon | INFO | New spam address added dhvcxgdmuzh@throwawaymail.com
2019-04-27 22:44:24,853 | SpamMon | ERROR | Cannot add an item into the database
2019-04-27 22:44:24,853 | SpamMon | INFO | New spam address added marriottbonvoy@email-marriott.com
2019-04-27 22:44:25,185 | SpamMon | ERROR | Cannot add an item into the database
2019-04-27 22:44:25,185 | SpamMon | INFO | New spam address added makro@news.makro.be
2019-04-27 22:44:25,754 | SpamMon | ERROR | Cannot add an item into the database
2019-04-27 22:44:25,754 | SpamMon | INFO | New spam address added flotte@glr.doubleflash.pro
2019-04-27 22:44:26,518 | SpamMon | ERROR | Cannot add an item into the database
2019-04-27 22:44:26,518 | SpamMon | INFO | New spam address added email.campaign@sg.booking.com
2019-04-27 22:44:27,085 | SpamMon | ERROR | Cannot add an item into the database
2019-04-27 22:44:27,085 | SpamMon | INFO | New spam address added news@conseildesoffres.be
2019-04-27 22:44:27,761 | SpamMon | ERROR | Cannot add an item into the database
2019-04-27 22:44:27,761 | SpamMon | INFO | New spam address added news@conseildesoffres.be
2019-04-27 22:44:28,276 | SpamMon | ERROR | Cannot add an item into the database
2019-04-27 22:44:28,276 | SpamMon | INFO | New spam address added newsletter@achatdesoffres.be
2019-04-27 22:44:28,396 | SpamMon | ERROR | Cannot add an item into the database
2019-04-27 22:44:28,396 | SpamMon | INFO | New spam address added juxpyxjtxwb@throwawaymail.com
2019-04-27 22:44:30,179 | SpamMon | ERROR | Cannot add an item into the database
2019-04-27 22:44:30,179 | SpamMon | INFO | New spam address added immo-entreprise@glr.doublefacile.pro
2019-04-27 22:44:30,584 | SpamMon | ERROR | Cannot add an item into the database
2019-04-27 22:44:30,584 | SpamMon | INFO | New spam address added xavier@mayeur.be
2019-04-27 22:44:30,802 | SpamMon | ERROR | Cannot add an item into the database
2019-04-27 22:44:30,802 | SpamMon | INFO | New spam address added theatrelepublic@theatrelepublic.be
2019-04-27 22:44:31,232 | SpamMon | ERROR | Cannot add an item into the database
2019-04-27 22:44:31,232 | SpamMon | INFO | New spam address added news@conseildesoffres.be
2019-04-27 22:44:31,596 | SpamMon | ERROR | Cannot add an item into the database
2019-04-27 22:44:31,597 | SpamMon | INFO | New spam address added newsletter@ruedushopping.be
2019-04-27 22:44:32,164 | SpamMon | ERROR | Cannot add an item into the database
2019-04-27 22:44:32,165 | SpamMon | INFO | New spam address added newsletter@mailmagique.be
2019-04-27 22:44:33,222 | SpamMon | ERROR | Cannot add an item into the database
2019-04-27 22:44:33,223 | SpamMon | INFO | New spam address added news@conseildesoffres.be
2019-04-27 22:44:33,681 | SpamMon | ERROR | Cannot add an item into the database
2019-04-27 22:44:33,681 | SpamMon | INFO | New spam address added newsletter@slp.conseildesoffres.be
2019-04-27 23:10:41,598 | SpamMon | INFO | xavier - ... script started
2019-04-27 23:10:41,924 | SpamMon | INFO | xavier - server connection established
2019-04-27 23:10:42,056 | SpamMon | INFO | xavier - login successful - b'Logged in'
2019-04-27 23:10:45,004 | SpamMon | INFO | New spam address added newsletter@mailmagique.be
2019-04-27 23:10:45,171 | SpamMon | INFO | New spam address added newsletter@achatdesoffres.be
2019-04-27 23:10:45,248 | SpamMon | INFO | New spam address added mdmuky@throwawaymail.com
2019-04-27 23:10:45,325 | SpamMon | INFO | New spam address added nikoluch@ulr.net
2019-04-27 23:10:45,535 | SpamMon | INFO | New spam address added email.campaign@sg.booking.com
2019-04-27 23:10:45,692 | SpamMon | INFO | New spam address added mngdbzxzeqq@throwawaymail.com
2019-04-27 23:10:45,845 | SpamMon | INFO | New spam address added news@conseildesoffres.be
2019-04-27 23:10:46,044 | SpamMon | INFO | New spam address added newsletter@slp.conseildesoffres.be
2019-04-27 23:10:46,262 | SpamMon | INFO | New spam address added makro@news.makro.be
2019-04-27 23:10:46,337 | SpamMon | INFO | New spam address added cajvitco@throwawaymail.com
2019-04-27 23:10:46,488 | SpamMon | INFO | New spam address added info@s30.reserver.ru
2019-04-27 23:10:46,866 | SpamMon | INFO | New spam address added newsletter@ruedushopping.be
2019-04-27 23:10:47,060 | SpamMon | INFO | New spam address added newsletter@geneanet.org
2019-04-27 23:10:47,398 | SpamMon | INFO | New spam address added bsorzhmnve@throwawaymail.com
2019-04-27 23:10:47,534 | SpamMon | INFO | New spam address added puram_mal2chada@seobeast.in
2019-04-27 23:10:47,658 | SpamMon | INFO | New spam address added kiran234_my@lycee-tech.com
2019-04-27 23:10:47,959 | SpamMon | INFO | New spam address added securite@lag.doubleextras.pro
2019-04-27 23:10:48,045 | SpamMon | INFO | New spam address added odiadzdwx@throwawaymail.com
2019-04-27 23:10:48,344 | SpamMon | INFO | New spam address added evfaliya@mail2abby.com
2019-04-27 23:10:48,428 | SpamMon | INFO | New spam address added uljadiz@throwawaymail.com
2019-04-27 23:10:48,649 | SpamMon | INFO | New spam address added theatrelepublic@theatrelepublic.be
2019-04-27 23:10:48,956 | SpamMon | INFO | New spam address added campagne@lag.doublefacile.pro
2019-04-27 23:10:49,115 | SpamMon | INFO | New spam address added info@email.thefork.be
2019-04-27 23:10:49,202 | SpamMon | INFO | New spam address added gxybur@throwawaymail.com
2019-04-27 23:10:49,875 | SpamMon | INFO | New spam address added pkobpts@throwawaymail.com
2019-04-27 23:10:50,018 | SpamMon | INFO | New spam address added infowogyq@isp1.siteko.ru
2019-04-27 23:10:50,365 | SpamMon | INFO | New spam address added prestataire@qdm.doubleflash.pro
2019-04-27 23:10:50,595 | SpamMon | INFO | New spam address added mail@comms.canon-europe.com
2019-04-27 23:10:50,851 | SpamMon | INFO | New spam address added ingbehrp@service-now.com
2019-04-27 23:10:50,937 | SpamMon | INFO | New spam address added sgzllfraaq@throwawaymail.com
2019-04-27 23:10:51,423 | SpamMon | INFO | New spam address added lusy_12chat@pay2done.xyz
2019-04-27 23:10:52,120 | SpamMon | INFO | New spam address added noreply@ipemusic.com
2019-04-27 23:10:52,380 | SpamMon | INFO | New spam address added myevrss@throwawaymail.com
2019-04-27 23:10:52,549 | SpamMon | INFO | New spam address added nftpqiz@throwawaymail.com
2019-04-27 23:10:52,974 | SpamMon | INFO | New spam address added info@lessecretsduchef.be
2019-04-27 23:10:53,211 | SpamMon | INFO | New spam address added info@newsletter.planit.be
2019-04-27 23:10:53,716 | SpamMon | INFO | New spam address added fruits-frais@ohh.doubleforce.pro
2019-04-27 23:10:53,832 | SpamMon | INFO | New spam address added noreply@mail.mediafin.be
2019-04-27 23:10:54,218 | SpamMon | INFO | New spam address added Offers@Tradepubs.nl00.net
2019-04-27 23:10:54,478 | SpamMon | INFO | New spam address added us@sumofus.org
2019-04-27 23:10:55,363 | SpamMon | INFO | New spam address added yvor@breezeuseful.icu
2019-04-27 23:10:55,705 | SpamMon | INFO | New spam address added marriottbonvoy@email-marriott.com
2019-04-27 23:10:56,015 | SpamMon | INFO | New spam address added lusy_innl2@human2work.xyz
2019-04-27 23:10:56,094 | SpamMon | INFO | New spam address added azznyvqib@throwawaymail.com
2019-04-27 23:10:56,216 | SpamMon | INFO | New spam address added billetterie@theatredenamur.be
2019-04-27 23:10:56,416 | SpamMon | INFO | New spam address added kalli_0kiran@sky2alanding.info
2019-04-27 23:10:57,232 | SpamMon | INFO | New spam address added info@mailing.pixum.com
2019-04-27 23:10:57,409 | SpamMon | INFO | New spam address added idnyiutz@throwawaymail.com
2019-04-27 23:10:58,549 | SpamMon | INFO | New spam address added fax@gwkbsn.co.kr
2019-04-27 23:10:58,629 | SpamMon | INFO | New spam address added ildkmemb@throwawaymail.com
2019-04-27 23:10:59,402 | SpamMon | INFO | New spam address added paydayifo3@payday2all.com
2019-04-27 23:10:59,920 | SpamMon | INFO | New spam address added ioycduks@throwawaymail.com
2019-04-27 23:11:00,539 | SpamMon | INFO | New spam address added xavier@mayeur.be
2019-04-27 23:11:00,623 | SpamMon | INFO | New spam address added eowgqgpsjob@throwawaymail.com
2019-04-27 23:11:01,674 | SpamMon | INFO | New spam address added cdpiue@throwawaymail.com
2019-04-27 23:11:01,793 | SpamMon | INFO | New spam address added my_ifo2@ipe4table.top
2019-04-27 23:11:02,839 | SpamMon | INFO | New spam address added sdjqyojzr@throwawaymail.com
2019-04-27 23:11:02,962 | SpamMon | INFO | New spam address added ramesh_fb@sky2alanding.info
2019-04-27 23:11:03,319 | SpamMon | INFO | New spam address added contact@thepihut.com
2019-04-27 23:11:03,404 | SpamMon | INFO | New spam address added adlyigv@throwawaymail.com
2019-04-27 23:11:03,563 | SpamMon | INFO | New spam address added assistance@domadoo.com
2019-04-27 23:11:03,862 | SpamMon | INFO | New spam address added bureautique@jjn.doubleextras.pro
2019-04-27 23:11:05,555 | SpamMon | INFO | New spam address added devisnettoyage@hcl.doublefacile.pro
2019-04-27 23:11:06,029 | SpamMon | INFO | New spam address added mbldbfxowt@throwawaymail.com
2019-04-27 23:11:06,155 | SpamMon | INFO | New spam address added nieuwsbrief@tonershop.nl
2019-04-27 23:11:07,423 | SpamMon | INFO | New spam address added pinbot@inspire.pinterest.com
2019-04-27 23:11:07,510 | SpamMon | INFO | New spam address added ofxfsrtrg@throwawaymail.com
2019-04-27 23:11:08,223 | SpamMon | INFO | New spam address added auto-defibrillateur@kni.doubleforce.pro
2019-04-27 23:11:08,541 | SpamMon | INFO | New spam address added karni_02fb@sky2alanding.info
2019-04-27 23:11:08,956 | SpamMon | INFO | New spam address added uzicekn@throwawaymail.com
2019-04-27 23:11:09,212 | SpamMon | INFO | New spam address added contact@modelisme.com
2019-04-27 23:11:09,748 | SpamMon | INFO | New spam address added offre-sur-mesure@tip.doubleflash.pro
2019-04-27 23:11:10,542 | SpamMon | INFO | New spam address added sgoffin@datanewsjobs.be
2019-04-27 23:11:10,781 | SpamMon | INFO | New spam address added brain_wt02@dietgurus.info
2019-04-27 23:11:11,032 | SpamMon | INFO | New spam address added rapport@tip.doubleflash.pro
2019-04-27 23:11:11,119 | SpamMon | INFO | New spam address added bekcqi@throwawaymail.com
2019-04-27 23:11:12,157 | SpamMon | INFO | New spam address added devis-distributeur@trm.doubleextras.pro
2019-04-27 23:11:12,249 | SpamMon | INFO | New spam address added oomazgta@throwawaymail.com
2019-04-27 23:11:12,777 | SpamMon | INFO | New spam address added user2@crunch.vn
2019-04-27 23:11:12,871 | SpamMon | INFO | New spam address added dhvcxgdmuzh@throwawaymail.com
2019-04-27 23:11:13,314 | SpamMon | INFO | New spam address added flotte@glr.doubleflash.pro
2019-04-27 23:11:14,015 | SpamMon | INFO | New spam address added juxpyxjtxwb@throwawaymail.com
2019-04-27 23:11:14,495 | SpamMon | INFO | New spam address added immo-entreprise@glr.doublefacile.pro
2019-04-27 23:11:15,344 | SpamMon | INFO | xavier - script stopped...
2019-04-27 23:11:15,345 | SpamMon | INFO | joelle - ... script started
2019-04-27 23:11:16,039 | SpamMon | INFO | joelle - server connection established
2019-04-27 23:11:16,168 | SpamMon | INFO | joelle - login successful - b'Logged in'
2019-04-27 23:11:17,033 | SpamMon | INFO | joelle - email.campaign@sg.booking.com is a spam
2019-04-27 23:11:17,622 | SpamMon | INFO | joelle - script stopped...
2019-04-27 23:16:33,535 | SpamMon | INFO | xavier - ... script started
2019-04-27 23:16:34,289 | SpamMon | INFO | xavier - server connection established
2019-04-27 23:16:34,422 | SpamMon | INFO | xavier - login successful - b'Logged in'
2019-04-27 23:17:26,552 | SpamMon | INFO | New spam address added newsletter@mailmagique.be
2019-04-27 23:17:40,981 | SpamMon | INFO | New spam address added news@conseildesoffres.be
2019-04-27 23:17:41,123 | SpamMon | INFO | New spam address added newsletter@achatdesoffres.be
2019-04-27 23:17:41,453 | SpamMon | INFO | New spam address added newsletter@slp.conseildesoffres.be
2019-04-27 23:17:42,562 | SpamMon | INFO | New spam address added newsletter@geneanet.org
2019-04-27 23:17:42,897 | SpamMon | INFO | New spam address added makro@news.makro.be
2019-04-27 23:17:43,037 | SpamMon | INFO | New spam address added email.campaign@sg.booking.com
2019-04-27 23:17:43,181 | SpamMon | INFO | New spam address added info@email.thefork.be
2019-04-27 23:17:43,313 | SpamMon | INFO | New spam address added ingbehrp@service-now.com
2019-04-27 23:17:43,731 | SpamMon | INFO | New spam address added newsletter@ruedushopping.be
2019-04-27 23:17:44,633 | SpamMon | INFO | New spam address added mail@comms.canon-europe.com
2019-04-27 23:17:44,765 | SpamMon | INFO | New spam address added theatrelepublic@theatrelepublic.be
2019-04-27 23:17:45,179 | SpamMon | INFO | New spam address added noreply@mail.mediafin.be
2019-04-27 23:17:46,135 | SpamMon | INFO | New spam address added noreply@ipemusic.com
2019-04-27 23:17:46,270 | SpamMon | INFO | New spam address added info@newsletter.planit.be
2019-04-27 23:17:46,397 | SpamMon | INFO | New spam address added puram_mal2chada@seobeast.in
2019-04-27 23:17:46,525 | SpamMon | INFO | New spam address added kiran234_my@lycee-tech.com
2019-04-27 23:17:47,059 | SpamMon | INFO | New spam address added Offers@Tradepubs.nl00.net
2019-04-27 23:17:48,374 | SpamMon | INFO | New spam address added us@sumofus.org
2019-04-27 23:17:49,971 | SpamMon | INFO | New spam address added paydayifo3@payday2all.com
2019-04-27 23:17:52,233 | SpamMon | INFO | New spam address added info@mailing.pixum.com
2019-04-27 23:17:52,459 | SpamMon | INFO | New spam address added xavier@mayeur.be
2019-04-27 23:17:55,131 | SpamMon | INFO | New spam address added marriottbonvoy@email-marriott.com
2019-04-27 23:17:55,439 | SpamMon | INFO | New spam address added ramesh_fb@sky2alanding.info
2019-04-27 23:17:55,570 | SpamMon | INFO | New spam address added kalli_0kiran@sky2alanding.info
2019-04-27 23:17:59,845 | SpamMon | INFO | New spam address added pkobpts@throwawaymail.com
2019-04-27 23:17:59,973 | SpamMon | INFO | New spam address added infowogyq@isp1.siteko.ru
2019-04-27 23:18:00,294 | SpamMon | INFO | New spam address added prestataire@qdm.doubleflash.pro
2019-04-27 23:18:00,480 | SpamMon | INFO | xavier - script stopped...
2019-04-27 23:18:00,481 | SpamMon | INFO | joelle - ... script started
2019-04-27 23:18:00,842 | SpamMon | INFO | joelle - server connection established
2019-04-27 23:18:00,976 | SpamMon | INFO | joelle - login successful - b'Logged in'
2019-04-27 23:18:02,042 | SpamMon | INFO | joelle - script stopped...
2019-04-27 23:19:51,742 | SpamMon | INFO | xavier - ... script started
2019-04-27 23:19:52,104 | SpamMon | INFO | xavier - server connection established
2019-04-27 23:19:52,234 | SpamMon | INFO | xavier - login successful - b'Logged in'
2019-04-27 23:20:18,242 | SpamMon | INFO | Address removed from Spam List xavier@mayeur.be
2019-04-27 23:20:18,609 | SpamMon | INFO | xavier - newsletter@geneanet.org is a spam
2019-04-27 23:20:18,858 | SpamMon | INFO | xavier - info@newsletter.planit.be is a spam
2019-04-27 23:20:18,976 | SpamMon | INFO | xavier - ingbehrp@service-now.com is a spam
2019-04-27 23:20:19,095 | SpamMon | INFO | xavier - ingbehrp@service-now.com is a spam
2019-04-27 23:20:19,895 | SpamMon | INFO | xavier - marriottbonvoy@email-marriott.com is a spam
2019-04-27 23:20:30,692 | SpamMon | INFO | New spam address added xavier@mayeur.be
2019-04-27 23:20:35,370 | SpamMon | INFO | xavier - script stopped...
2019-04-27 23:20:35,372 | SpamMon | INFO | joelle - ... script started
2019-04-27 23:20:35,693 | SpamMon | INFO | joelle - server connection established
2019-04-27 23:20:35,823 | SpamMon | INFO | joelle - login successful - b'Logged in'
2019-04-27 23:20:36,820 | SpamMon | INFO | joelle - script stopped...
2019-06-14 17:51:38,053 | SpamMon | INFO | xavier - ... script started
2019-06-14 17:51:38,469 | SpamMon | INFO | xavier - server connection established
2019-06-14 17:51:38,607 | SpamMon | INFO | xavier - login successful - b'Logged in'
2019-06-14 17:51:43,860 | SpamMon | INFO | xavier - script stopped...
2019-06-14 17:51:43,860 | SpamMon | INFO | joelle - ... script started
2019-06-14 17:51:44,262 | SpamMon | INFO | joelle - server connection established
2019-06-14 17:51:44,378 | SpamMon | INFO | joelle - login successful - b'Logged in'
2019-06-14 17:51:46,321 | SpamMon | INFO | joelle - script stopped...
